<?xml version="1.0" encoding="UTF-8"?>
<!-- Generated by org.testng.reporters.JUnitReportReporter -->
<testsuite hostname="dinesh-PC" name="com.spring.selenium.WebDriverTest" tests="3" failures="0" timestamp="9 Sep 2017 17:29:23 GMT" time="2.115" errors="0">
  <testcase name="resetForm" time="0.275" classname="com.spring.selenium.WebDriverTest"/>
  <testcase name="loginWithCorrectCredential" time="1.552" classname="com.spring.selenium.WebDriverTest"/>
  <testcase name="loginWithWrongCredential" time="0.288" classname="com.spring.selenium.WebDriverTest"/>
</testsuite> <!-- com.spring.selenium.WebDriverTest -->
